<?xml version="1.0" encoding="UTF-8"?>
<testng-results ignored="0" total="1" passed="1" failed="0" skipped="0">
  <reporter-output>
  </reporter-output>
  <suite started-at="2021-03-04T12:23:41 IST" name="Default suite" finished-at="2021-03-04T12:23:41 IST" duration-ms="326">
    <groups>
    </groups>
    <test started-at="2021-03-04T12:23:41 IST" name="Default test" finished-at="2021-03-04T12:23:41 IST" duration-ms="326">
      <class name="com.samsamyik.testCases.TestValidUserLogin">
        <test-method signature="validUserLogin()[pri:0, instance:com.samsamyik.testCases.TestValidUserLogin@1ba9117e]" started-at="2021-03-04T12:23:41 IST" name="validUserLogin" finished-at="2021-03-04T12:23:41 IST" duration-ms="66" status="PASS">
          <reporter-output>
          </reporter-output>
        </test-method> <!-- validUserLogin -->
      </class> <!-- com.samsamyik.testCases.TestValidUserLogin -->
    </test> <!-- Default test -->
  </suite> <!-- Default suite -->
</testng-results>
